<?xml version="1.0" encoding="UTF-8"?>
<testng-results ignored="0" total="1" passed="1" failed="0" skipped="0">
  <reporter-output>
  </reporter-output>
  <suite started-at="2024-01-09T18:08:42 IST" name="Default suite" finished-at="2024-01-09T18:08:42 IST" duration-ms="70">
    <groups>
    </groups>
    <test started-at="2024-01-09T18:08:42 IST" name="Default test" finished-at="2024-01-09T18:08:42 IST" duration-ms="70">
      <class name="Framework.APIDemos.test.DashboardPage">
        <test-method signature="startValidation()[pri:0, instance:Framework.APIDemos.test.DashboardPage@446293d]" started-at="2024-01-09T18:08:42 IST" name="startValidation" finished-at="2024-01-09T18:08:42 IST" duration-ms="14" status="PASS">
          <reporter-output>
          </reporter-output>
        </test-method> <!-- startValidation -->
      </class> <!-- Framework.APIDemos.test.DashboardPage -->
    </test> <!-- Default test -->
  </suite> <!-- Default suite -->
</testng-results>
