<?xml version="1.0" encoding="UTF-8"?>
<testng-results ignored="0" total="1" passed="1" failed="0" skipped="0">
  <reporter-output>
  </reporter-output>
  <suite started-at="2024-01-05T17:02:43 IST" name="Default suite" finished-at="2024-01-05T17:02:51 IST" duration-ms="8102">
    <groups>
    </groups>
    <test started-at="2024-01-05T17:02:43 IST" name="Default test" finished-at="2024-01-05T17:02:51 IST" duration-ms="8102">
      <class name="reportGeneration.ExtentReportGenerate.DemoClass">
        <test-method is-config="true" signature="config()[pri:0, instance:reportGeneration.ExtentReportGenerate.DemoClass@306e95ec]" started-at="2024-01-05T17:02:43 IST" name="config" finished-at="2024-01-05T17:02:43 IST" duration-ms="438" status="PASS">
          <reporter-output>
          </reporter-output>
        </test-method> <!-- config -->
        <test-method signature="initialDemo()[pri:0, instance:reportGeneration.ExtentReportGenerate.DemoClass@306e95ec]" started-at="2024-01-05T17:02:43 IST" name="initialDemo" finished-at="2024-01-05T17:02:51 IST" duration-ms="7581" status="PASS">
          <reporter-output>
          </reporter-output>
        </test-method> <!-- initialDemo -->
      </class> <!-- reportGeneration.ExtentReportGenerate.DemoClass -->
    </test> <!-- Default test -->
  </suite> <!-- Default suite -->
</testng-results>
